<?xml version="1.0" encoding="UTF-8"?>
<!-- Generated by org.testng.reporters.JUnitXMLReporter -->
<testsuite ignored="0" hostname="DESKTOP-L24NCKJ" failures="0" tests="1" name="Test" time="0.08" errors="0" timestamp="19 Jul 2023 00:41:22 GMT">
  <testcase classname="com.parameters.dataprovider.SampleParameters" name="@BeforeClass beforeClass" time="0.0">
    <failure type="org.testng.TestNGException" message="
Can inject only one of &amp;lt;ITestContext, XmlTest&amp;gt; into a @BeforeClass annotated beforeClass.
For more information on native dependency injection please refer to http://testng.org/doc/documentation-main.html#native-dependency-injection">
      <![CDATA[org.testng.TestNGException: 
Can inject only one of <ITestContext, XmlTest> into a @BeforeClass annotated beforeClass.
For more information on native dependency injection please refer to http://testng.org/doc/documentation-main.html#native-dependency-injection
... Removed 23 stack frames]]>
    </failure>
  </testcase> <!-- @BeforeClass beforeClass -->
  <testcase classname="com.parameters.dataprovider.SampleParameters" name="bobcatMethod" time="0.0">
    <skipped/>
  </testcase> <!-- bobcatMethod -->
</testsuite> <!-- Test -->
